Build started 24/07/2014 21:52:46.
     1>Project "C:\Users\thatguylukuss\Desktop\GitHub\Formatted\Upload\C openGL - Basic Pong\Windows\C openGL - Basic Pong\C openGL - Basic Pong.vcxproj" on node 2 (Build target(s)).
     1>ClCompile:
         C:\Program Files (x86)\Microsoft Visual Studio 11.0\VC\bin\CL.exe /c /IC:\glut\include /ZI /nologo /W3 /WX- /sdl /Od /Oy- /D WIN32 /D _DEBUG /D _CONSOLE /D _UNICODE /D UNICODE /Gm /EHsc /RTC1 /MDd /GS /fp:precise /Zc:wchar_t /Zc:forScope /Fo"Debug\\" /Fd"Debug\vc110.pdb" /Gd /TP /analyze- /errorReport:prompt "C openGL - Basic Pong.cpp"
         C openGL - Basic Pong.cpp
     1>c:\users\thatguylukuss\desktop\github\formatted\upload\c opengl - basic pong\windows\c opengl - basic pong\c opengl - basic pong.cpp(48): warning C4244: 'initializing' : conversion from 'float' to 'int', possible loss of data
     1>c:\users\thatguylukuss\desktop\github\formatted\upload\c opengl - basic pong\windows\c opengl - basic pong\c opengl - basic pong.cpp(55): warning C4244: 'initializing' : conversion from 'float' to 'int', possible loss of data
     1>c:\users\thatguylukuss\desktop\github\formatted\upload\c opengl - basic pong\windows\c opengl - basic pong\c opengl - basic pong.cpp(228): warning C4305: 'argument' : truncation from 'double' to 'float'
     1>c:\users\thatguylukuss\desktop\github\formatted\upload\c opengl - basic pong\windows\c opengl - basic pong\c opengl - basic pong.cpp(229): warning C4305: 'argument' : truncation from 'double' to 'float'
     1>c:\users\thatguylukuss\desktop\github\formatted\upload\c opengl - basic pong\windows\c opengl - basic pong\c opengl - basic pong.cpp(236): warning C4305: 'argument' : truncation from 'double' to 'float'
     1>c:\users\thatguylukuss\desktop\github\formatted\upload\c opengl - basic pong\windows\c opengl - basic pong\c opengl - basic pong.cpp(238): warning C4305: 'argument' : truncation from 'double' to 'float'
     1>c:\users\thatguylukuss\desktop\github\formatted\upload\c opengl - basic pong\windows\c opengl - basic pong\c opengl - basic pong.cpp(314): warning C4305: 'argument' : truncation from 'double' to 'GLfloat'
     1>c:\users\thatguylukuss\desktop\github\formatted\upload\c opengl - basic pong\windows\c opengl - basic pong\c opengl - basic pong.cpp(829): warning C4244: '=' : conversion from 'int' to 'float', possible loss of data
     1>c:\users\thatguylukuss\desktop\github\formatted\upload\c opengl - basic pong\windows\c opengl - basic pong\c opengl - basic pong.cpp(829): warning C4244: '=' : conversion from 'float' to 'int', possible loss of data
       Link:
         C:\Program Files (x86)\Microsoft Visual Studio 11.0\VC\bin\link.exe /ERRORREPORT:PROMPT /OUT:"C:\Users\thatguylukuss\Desktop\GitHub\Formatted\Upload\C openGL - Basic Pong\Windows\Debug\C openGL - Basic Pong.exe" /INCREMENTAL /NOLOGO /LIBPATH:C:\glut\lib kernel32.lib user32.lib gdi32.lib winspool.lib comdlg32.lib advapi32.lib shell32.lib ole32.lib oleaut32.lib uuid.lib odbc32.lib odbccp32.lib freeglut.lib glu32.lib opengl32.lib kernel32.lib user32.lib gdi32.lib winspool.lib comdlg32.lib advapi32.lib shell32.lib ole32.lib oleaut32.lib uuid.lib odbc32.lib odbccp32.lib /MANIFEST /MANIFESTUAC:"level='asInvoker' uiAccess='false'" /manifest:embed /DEBUG /PDB:"C:\Users\thatguylukuss\Desktop\GitHub\Formatted\Upload\C openGL - Basic Pong\Windows\Debug\C openGL - Basic Pong.pdb" /SUBSYSTEM:CONSOLE /TLBID:1 /DYNAMICBASE /NXCOMPAT /IMPLIB:"C:\Users\thatguylukuss\Desktop\GitHub\Formatted\Upload\C openGL - Basic Pong\Windows\Debug\C openGL - Basic Pong.lib" /MACHINE:X86 "Debug\C openGL - Basic Pong.obj"
         Debug\stdafx.obj
         C openGL - Basic Pong.vcxproj -> C:\Users\thatguylukuss\Desktop\GitHub\Formatted\Upload\C openGL - Basic Pong\Windows\Debug\C openGL - Basic Pong.exe
     1>Done Building Project "C:\Users\thatguylukuss\Desktop\GitHub\Formatted\Upload\C openGL - Basic Pong\Windows\C openGL - Basic Pong\C openGL - Basic Pong.vcxproj" (Build target(s)).

Build succeeded.

Time Elapsed 00:00:00.85
